SF:lib/src/logsnag.dart
DA:46,1
DA:52,2
DA:53,0
DA:54,1
DA:55,1
DA:72,1
DA:80,2
DA:81,1
DA:95,1
DA:100,2
DA:101,1
LF:11
LH:10
end_of_record
SF:lib/src/client/logsnag_api.dart
DA:22,1
DA:37,1
DA:38,2
DA:39,3
DA:41,2
DA:42,1
DA:46,1
DA:47,2
DA:51,1
DA:52,1
DA:57,1
DA:58,2
DA:60,2
DA:62,2
DA:64,2
DA:70,1
DA:71,1
DA:72,3
DA:73,2
DA:74,1
DA:77,2
DA:81,0
DA:86,1
DA:87,1
DA:88,3
DA:89,2
DA:90,1
DA:93,2
DA:97,0
DA:104,0
DA:107,0
DA:109,0
DA:110,0
DA:111,0
DA:124,0
DA:126,0
DA:127,0
DA:128,0
DA:129,0
DA:130,0
LF:40
LH:27
end_of_record
SF:lib/src/entities/insight_entity.dart
DA:16,1
DA:21,3
DA:51,1
DA:52,1
DA:53,1
DA:54,1
DA:55,1
LF:7
LH:7
end_of_record
SF:lib/src/entities/log_entity.dart
DA:29,1
DA:96,1
DA:97,1
DA:98,1
DA:99,1
DA:100,1
DA:101,1
DA:102,1
DA:103,1
DA:104,1
LF:10
LH:10
end_of_record
